<?xml version="1.0" encoding="UTF-8"?>
<!-- Generated by org.testng.reporters.JUnitXMLReporter -->
<testsuite hostname="SSundreshs-macbook-pro.local" ignored="0" name="Test Task" tests="4" failures="0" timestamp="13 Jun 2018 21:57:15 GMT" time="10.928" errors="0">
  <testcase name="addExistingCustomer" time="1.403" classname="com.test.task.QETestTask.AddCustomerTest"/>
  <testcase name="addNewCustomer" time="0.848" classname="com.test.task.QETestTask.AddCustomerTest"/>
  <testcase name="updateExistingCustomer" time="0.786" classname="com.test.task.QETestTask.UpdateCustomerTest"/>
  <testcase name="updateNonExistingCustomer" time="0.835" classname="com.test.task.QETestTask.UpdateCustomerTest"/>
</testsuite> <!-- Test Task -->
